<?xml version="1.0" encoding="UTF-8" ?>
<testsuite tests="25" failures="23" name="hr.fer.oprpp1.custom.collections.LinkedListIndexedCollectionTest" time="0.002" errors="0" skipped="0">
  <properties>
    <property name="java.runtime.name" value="Java(TM) SE Runtime Environment"/>
    <property name="java.vm.version" value="18.0.1.1+2-6"/>
    <property name="sun.boot.library.path" value="C:\Program Files\Java\jdk-18.0.1.1\bin"/>
    <property name="maven.multiModuleProjectDirectory" value="C:\Users\Asus\Desktop\FER and others\FER\OPRPP1\hw01-0036533602"/>
    <property name="java.vm.vendor" value="Oracle Corporation"/>
    <property name="java.vendor.url" value="https://java.oracle.com/"/>
    <property name="guice.disable.misplaced.annotation.check" value="true"/>
    <property name="path.separator" value=";"/>
    <property name="java.vm.name" value="Java HotSpot(TM) 64-Bit Server VM"/>
    <property name="sun.os.patch.level" value=""/>
    <property name="user.script" value=""/>
    <property name="user.country" value="GB"/>
    <property name="sun.java.launcher" value="SUN_STANDARD"/>
    <property name="java.vm.specification.name" value="Java Virtual Machine Specification"/>
    <property name="user.dir" value="C:\Users\Asus\Desktop\FER and others\FER\OPRPP1\hw01-0036533602"/>
    <property name="java.vm.compressedOopsMode" value="32-bit"/>
    <property name="java.runtime.version" value="18.0.1.1+2-6"/>
    <property name="os.arch" value="amd64"/>
    <property name="java.io.tmpdir" value="C:\Users\Asus\AppData\Local\Temp\"/>
    <property name="line.separator" value="
"/>
    <property name="java.vm.specification.vendor" value="Oracle Corporation"/>
    <property name="user.variant" value=""/>
    <property name="os.name" value="Windows 10"/>
    <property name="classworlds.conf" value="C:\Program Files\Maven\apache-maven-3.8.5-bin\apache-maven-3.8.5\bin\m2.conf"/>
    <property name="sun.jnu.encoding" value="Cp1250"/>
    <property name="java.library.path" value="C:\Program Files\Java\jdk-18.0.1.1\bin;C:\WINDOWS\Sun\Java\bin;C:\WINDOWS\system32;C:\WINDOWS;C:\Program Files (x86)\VMware\VMware Player\bin\;C:\Python39\Scripts\;C:\Python39\;C:\Program Files\Common Files\Oracle\Java\javapath;C:\Program Files (x86)\Common Files\Oracle\Java\javapath;C:\Windows\system32;C:\Windows;C:\Windows\System32\Wbem;C:\Windows\System32\WindowsPowerShell\v1.0\;C:\Windows\System32\OpenSSH\;C:\Program Files (x86)\NVIDIA Corporation\PhysX\Common;C:\WINDOWS\system32;C:\WINDOWS;C:\WINDOWS\System32\Wbem;C:\WINDOWS\System32\WindowsPowerShell\v1.0\;C:\WINDOWS\System32\OpenSSH\;C:\Program Files\Microsoft SQL Server\130\Tools\Binn\;C:\MinGW\bin;C:\ProgramData\chocolatey\bin;C:\Program Files\NVIDIA Corporation\NVIDIA NvDLISR;C:\Program Files\MongoDB\Server\5.0\bin;C:\Program Files\PostgreSQL\14\bin;C:\Program Files\Git\cmd;C:\Program Files (x86)\gnupg\bin;C:\Program Files\Java\jdk-18.0.1.1;C:\Program Files\Docker\Docker\resources\bin;C:\ProgramData\DockerDesktop\version-bin;C:\Program Files\Maven\apache-maven-3.8.5-bin\apache-maven-3.8.5\bin;C:\dev\tooling\flutter\bin;C:\Program Files\dotnet\;%NVM_HOME%;%NVM_SYMLINK%;C:\Users\Asus\AppData\Local\Programs\Python\Python39\Scripts\;C:\Users\Asus\AppData\Local\Programs\Python\Python39\;C:\Program Files (x86)\Common Files\Oracle\Java\javapath;C:\Windows\system32;C:\Windows;C:\Windows\System32\Wbem;C:\Windows\System32\WindowsPowerShell\v1.0\;C:\Windows\System32\OpenSSH\;C:\Program Files (x86)\NVIDIA Corporation\PhysX\Common;C:\WINDOWS\system32;C:\WINDOWS;C:\WINDOWS\System32\Wbem;C:\WINDOWS\System32\WindowsPowerShell\v1.0\;C:\WINDOWS\System32\OpenSSH\;C:\Program Files\Microsoft SQL Server\130\Tools\Binn\;C:\MinGW\bin;C:\Users\Asus\AppData\Local\Microsoft\WindowsApps;C:\MinGW\Bin;C:\Users\Asus\AppData\Local\Programs\Microsoft VS Code\bin;C:\Users\Asus\AppData\Local\Microsoft\WindowsApps;C:\Users\Asus\AppData\Roaming\npm;C:\Program Files\JetBrains\IntelliJ IDEA 2022.1.2\bin;;C:\Users\Asus\.dotnet\tools;C:\Users\Asus\AppData\Roaming\nvm;C:\Program Files\nodejs;."/>
    <property name="maven.conf" value="C:\Program Files\Maven\apache-maven-3.8.5-bin\apache-maven-3.8.5/conf"/>
    <property name="jdk.debug" value="release"/>
    <property name="java.class.version" value="62.0"/>
    <property name="java.specification.name" value="Java Platform API Specification"/>
    <property name="sun.management.compiler" value="HotSpot 64-Bit Tiered Compilers"/>
    <property name="os.version" value="10.0"/>
    <property name="library.jansi.path" value="C:\Program Files\Maven\apache-maven-3.8.5-bin\apache-maven-3.8.5\lib\jansi-native"/>
    <property name="user.home" value="C:\Users\Asus"/>
    <property name="user.timezone" value="Europe/Zagreb"/>
    <property name="file.encoding" value="UTF-8"/>
    <property name="java.specification.version" value="18"/>
    <property name="user.name" value="Asus"/>
    <property name="java.class.path" value="C:\Program Files\Maven\apache-maven-3.8.5-bin\apache-maven-3.8.5\boot\plexus-classworlds-2.6.0.jar"/>
    <property name="java.vm.specification.version" value="18"/>
    <property name="sun.arch.data.model" value="64"/>
    <property name="sun.java.command" value="org.codehaus.plexus.classworlds.launcher.Launcher test"/>
    <property name="java.home" value="C:\Program Files\Java\jdk-18.0.1.1"/>
    <property name="user.language" value="en"/>
    <property name="java.specification.vendor" value="Oracle Corporation"/>
    <property name="java.vm.info" value="mixed mode, sharing"/>
    <property name="java.version" value="18.0.1.1"/>
    <property name="native.encoding" value="Cp1250"/>
    <property name="java.vendor" value="Oracle Corporation"/>
    <property name="sun.stderr.encoding" value="cp852"/>
    <property name="maven.home" value="C:\Program Files\Maven\apache-maven-3.8.5-bin\apache-maven-3.8.5"/>
    <property name="file.separator" value="\"/>
    <property name="java.version.date" value="2022-04-22"/>
    <property name="java.vendor.url.bug" value="https://bugreport.java.com/bugreport/"/>
    <property name="sun.io.unicode.encoding" value="UnicodeLittle"/>
    <property name="sun.cpu.endian" value="little"/>
    <property name="sun.stdout.encoding" value="cp852"/>
    <property name="sun.cpu.isalist" value="amd64"/>
  </properties>
  <testcase classname="hr.fer.oprpp1.custom.collections.LinkedListIndexedCollectionTest" name="hr.fer.oprpp1.custom.collections.LinkedListIndexedCollectionTest.testInsertingElementAtEnd" time="0">
    <failure message="Cannot invoke &quot;hr.fer.oprpp1.custom.collections.LinkedListIndexedCollection.size()&quot; because &quot;this.emptyLinkedList&quot; is null" type="java.lang.NullPointerException">java.lang.NullPointerException: Cannot invoke &quot;hr.fer.oprpp1.custom.collections.LinkedListIndexedCollection.size()&quot; because &quot;this.emptyLinkedList&quot; is null
	at hr.fer.oprpp1.custom.collections.LinkedListIndexedCollectionTest.testInsertingElementAtEnd(LinkedListIndexedCollectionTest.java:83)
</failure>
  </testcase>
  <testcase classname="hr.fer.oprpp1.custom.collections.LinkedListIndexedCollectionTest" name="hr.fer.oprpp1.custom.collections.LinkedListIndexedCollectionTest.testInsertingWithInvalidPosition" time="0">
    <failure message="Unexpected exception type thrown, expected: &lt;java.lang.IllegalArgumentException&gt; but was: &lt;java.lang.NullPointerException&gt;" type="org.opentest4j.AssertionFailedError">org.opentest4j.AssertionFailedError: Unexpected exception type thrown, expected: &lt;java.lang.IllegalArgumentException&gt; but was: &lt;java.lang.NullPointerException&gt;
	at org.junit.jupiter.api.AssertionFailureBuilder.build(AssertionFailureBuilder.java:151)
	at org.junit.jupiter.api.AssertThrows.assertThrows(AssertThrows.java:67)
	at org.junit.jupiter.api.AssertThrows.assertThrows(AssertThrows.java:35)
	at org.junit.jupiter.api.Assertions.assertThrows(Assertions.java:3083)
	at hr.fer.oprpp1.custom.collections.LinkedListIndexedCollectionTest.testInsertingWithInvalidPosition(LinkedListIndexedCollectionTest.java:93)
Caused by: java.lang.NullPointerException: Cannot invoke &quot;hr.fer.oprpp1.custom.collections.LinkedListIndexedCollection.size()&quot; because &quot;this.emptyLinkedList&quot; is null
	at hr.fer.oprpp1.custom.collections.LinkedListIndexedCollectionTest.lambda$testInsertingWithInvalidPosition$0(LinkedListIndexedCollectionTest.java:93)
	at org.junit.jupiter.api.AssertThrows.assertThrows(AssertThrows.java:53)
	... 17 more
</failure>
  </testcase>
  <testcase classname="hr.fer.oprpp1.custom.collections.LinkedListIndexedCollectionTest" name="hr.fer.oprpp1.custom.collections.LinkedListIndexedCollectionTest.testRemoveFirstElementWithIndex" time="0.001">
    <failure message="Cannot invoke &quot;hr.fer.oprpp1.custom.collections.LinkedListIndexedCollection.remove(int)&quot; because &quot;this.emptyLinkedList&quot; is null" type="java.lang.NullPointerException">java.lang.NullPointerException: Cannot invoke &quot;hr.fer.oprpp1.custom.collections.LinkedListIndexedCollection.remove(int)&quot; because &quot;this.emptyLinkedList&quot; is null
	at hr.fer.oprpp1.custom.collections.LinkedListIndexedCollectionTest.testRemoveFirstElementWithIndex(LinkedListIndexedCollectionTest.java:161)
</failure>
  </testcase>
  <testcase classname="hr.fer.oprpp1.custom.collections.LinkedListIndexedCollectionTest" name="hr.fer.oprpp1.custom.collections.LinkedListIndexedCollectionTest.testRemoveLastElementWithIndex" time="0">
    <failure message="Cannot invoke &quot;hr.fer.oprpp1.custom.collections.LinkedListIndexedCollection.size()&quot; because &quot;this.emptyLinkedList&quot; is null" type="java.lang.NullPointerException">java.lang.NullPointerException: Cannot invoke &quot;hr.fer.oprpp1.custom.collections.LinkedListIndexedCollection.size()&quot; because &quot;this.emptyLinkedList&quot; is null
	at hr.fer.oprpp1.custom.collections.LinkedListIndexedCollectionTest.testRemoveLastElementWithIndex(LinkedListIndexedCollectionTest.java:181)
</failure>
  </testcase>
  <testcase classname="hr.fer.oprpp1.custom.collections.LinkedListIndexedCollectionTest" name="hr.fer.oprpp1.custom.collections.LinkedListIndexedCollectionTest.testInsertingElementInBetween" time="0">
    <failure message="Cannot invoke &quot;hr.fer.oprpp1.custom.collections.LinkedListIndexedCollection.insert(Object, int)&quot; because &quot;this.emptyLinkedList&quot; is null" type="java.lang.NullPointerException">java.lang.NullPointerException: Cannot invoke &quot;hr.fer.oprpp1.custom.collections.LinkedListIndexedCollection.insert(Object, int)&quot; because &quot;this.emptyLinkedList&quot; is null
	at hr.fer.oprpp1.custom.collections.LinkedListIndexedCollectionTest.testInsertingElementInBetween(LinkedListIndexedCollectionTest.java:74)
</failure>
  </testcase>
  <testcase classname="hr.fer.oprpp1.custom.collections.LinkedListIndexedCollectionTest" name="hr.fer.oprpp1.custom.collections.LinkedListIndexedCollectionTest.testGettingIndexOfNullValue" time="0">
    <failure message="Cannot invoke &quot;hr.fer.oprpp1.custom.collections.LinkedListIndexedCollection.indexOf(Object)&quot; because &quot;this.emptyLinkedList&quot; is null" type="java.lang.NullPointerException">java.lang.NullPointerException: Cannot invoke &quot;hr.fer.oprpp1.custom.collections.LinkedListIndexedCollection.indexOf(Object)&quot; because &quot;this.emptyLinkedList&quot; is null
	at hr.fer.oprpp1.custom.collections.LinkedListIndexedCollectionTest.testGettingIndexOfNullValue(LinkedListIndexedCollectionTest.java:126)
</failure>
  </testcase>
  <testcase classname="hr.fer.oprpp1.custom.collections.LinkedListIndexedCollectionTest" name="hr.fer.oprpp1.custom.collections.LinkedListIndexedCollectionTest.testRemoveWithInvalidIndex" time="0">
    <failure message="Unexpected exception type thrown, expected: &lt;java.lang.IllegalArgumentException&gt; but was: &lt;java.lang.NullPointerException&gt;" type="org.opentest4j.AssertionFailedError">org.opentest4j.AssertionFailedError: Unexpected exception type thrown, expected: &lt;java.lang.IllegalArgumentException&gt; but was: &lt;java.lang.NullPointerException&gt;
	at org.junit.jupiter.api.AssertionFailureBuilder.build(AssertionFailureBuilder.java:151)
	at org.junit.jupiter.api.AssertThrows.assertThrows(AssertThrows.java:67)
	at org.junit.jupiter.api.AssertThrows.assertThrows(AssertThrows.java:35)
	at org.junit.jupiter.api.Assertions.assertThrows(Assertions.java:3083)
	at hr.fer.oprpp1.custom.collections.LinkedListIndexedCollectionTest.testRemoveWithInvalidIndex(LinkedListIndexedCollectionTest.java:153)
Caused by: java.lang.NullPointerException: Cannot invoke &quot;hr.fer.oprpp1.custom.collections.LinkedListIndexedCollection.size()&quot; because &quot;this.emptyLinkedList&quot; is null
	at hr.fer.oprpp1.custom.collections.LinkedListIndexedCollectionTest.lambda$testRemoveWithInvalidIndex$3(LinkedListIndexedCollectionTest.java:153)
	at org.junit.jupiter.api.AssertThrows.assertThrows(AssertThrows.java:53)
	... 17 more
</failure>
  </testcase>
  <testcase classname="hr.fer.oprpp1.custom.collections.LinkedListIndexedCollectionTest" name="hr.fer.oprpp1.custom.collections.LinkedListIndexedCollectionTest.testGettingIndexOfNonExistingValue" time="0">
    <failure message="Cannot invoke &quot;hr.fer.oprpp1.custom.collections.LinkedListIndexedCollection.indexOf(Object)&quot; because &quot;this.emptyLinkedList&quot; is null" type="java.lang.NullPointerException">java.lang.NullPointerException: Cannot invoke &quot;hr.fer.oprpp1.custom.collections.LinkedListIndexedCollection.indexOf(Object)&quot; because &quot;this.emptyLinkedList&quot; is null
	at hr.fer.oprpp1.custom.collections.LinkedListIndexedCollectionTest.testGettingIndexOfNonExistingValue(LinkedListIndexedCollectionTest.java:135)
</failure>
  </testcase>
  <testcase classname="hr.fer.oprpp1.custom.collections.LinkedListIndexedCollectionTest" name="hr.fer.oprpp1.custom.collections.LinkedListIndexedCollectionTest.testDefaultConstructor" time="0"/>
  <testcase classname="hr.fer.oprpp1.custom.collections.LinkedListIndexedCollectionTest" name="hr.fer.oprpp1.custom.collections.LinkedListIndexedCollectionTest.testGettingIndexOfExistingValue" time="0">
    <failure message="Cannot invoke &quot;hr.fer.oprpp1.custom.collections.LinkedListIndexedCollection.indexOf(Object)&quot; because &quot;this.emptyLinkedList&quot; is null" type="java.lang.NullPointerException">java.lang.NullPointerException: Cannot invoke &quot;hr.fer.oprpp1.custom.collections.LinkedListIndexedCollection.indexOf(Object)&quot; because &quot;this.emptyLinkedList&quot; is null
	at hr.fer.oprpp1.custom.collections.LinkedListIndexedCollectionTest.testGettingIndexOfExistingValue(LinkedListIndexedCollectionTest.java:144)
</failure>
  </testcase>
  <testcase classname="hr.fer.oprpp1.custom.collections.LinkedListIndexedCollectionTest" name="hr.fer.oprpp1.custom.collections.LinkedListIndexedCollectionTest.testRemoveElementWithNullValue" time="0.001">
    <failure message="Cannot invoke &quot;hr.fer.oprpp1.custom.collections.LinkedListIndexedCollection.remove(Object)&quot; because &quot;this.emptyLinkedList&quot; is null" type="java.lang.NullPointerException">java.lang.NullPointerException: Cannot invoke &quot;hr.fer.oprpp1.custom.collections.LinkedListIndexedCollection.remove(Object)&quot; because &quot;this.emptyLinkedList&quot; is null
	at hr.fer.oprpp1.custom.collections.LinkedListIndexedCollectionTest.testRemoveElementWithNullValue(LinkedListIndexedCollectionTest.java:190)
</failure>
  </testcase>
  <testcase classname="hr.fer.oprpp1.custom.collections.LinkedListIndexedCollectionTest" name="hr.fer.oprpp1.custom.collections.LinkedListIndexedCollectionTest.testRemoveMiddleElementWithIndex" time="0">
    <failure message="Cannot invoke &quot;hr.fer.oprpp1.custom.collections.LinkedListIndexedCollection.remove(int)&quot; because &quot;this.emptyLinkedList&quot; is null" type="java.lang.NullPointerException">java.lang.NullPointerException: Cannot invoke &quot;hr.fer.oprpp1.custom.collections.LinkedListIndexedCollection.remove(int)&quot; because &quot;this.emptyLinkedList&quot; is null
	at hr.fer.oprpp1.custom.collections.LinkedListIndexedCollectionTest.testRemoveMiddleElementWithIndex(LinkedListIndexedCollectionTest.java:171)
</failure>
  </testcase>
  <testcase classname="hr.fer.oprpp1.custom.collections.LinkedListIndexedCollectionTest" name="hr.fer.oprpp1.custom.collections.LinkedListIndexedCollectionTest.testInsertingElementInFirstPlace" time="0">
    <failure message="Cannot invoke &quot;hr.fer.oprpp1.custom.collections.LinkedListIndexedCollection.insert(Object, int)&quot; because &quot;this.emptyLinkedList&quot; is null" type="java.lang.NullPointerException">java.lang.NullPointerException: Cannot invoke &quot;hr.fer.oprpp1.custom.collections.LinkedListIndexedCollection.insert(Object, int)&quot; because &quot;this.emptyLinkedList&quot; is null
	at hr.fer.oprpp1.custom.collections.LinkedListIndexedCollectionTest.testInsertingElementInFirstPlace(LinkedListIndexedCollectionTest.java:64)
</failure>
  </testcase>
  <testcase classname="hr.fer.oprpp1.custom.collections.LinkedListIndexedCollectionTest" name="hr.fer.oprpp1.custom.collections.LinkedListIndexedCollectionTest.testSecondConstructor" time="0">
    <failure type="java.lang.NullPointerException">java.lang.NullPointerException
	at hr.fer.oprpp1.custom.collections.Collection.addAll(Collection.java:96)
	at hr.fer.oprpp1.custom.collections.LinkedListIndexedCollection.&lt;init&gt;(LinkedListIndexedCollection.java:42)
	at hr.fer.oprpp1.custom.collections.LinkedListIndexedCollectionTest.testSecondConstructor(LinkedListIndexedCollectionTest.java:44)
</failure>
  </testcase>
  <testcase classname="hr.fer.oprpp1.custom.collections.LinkedListIndexedCollectionTest" name="hr.fer.oprpp1.custom.collections.LinkedListIndexedCollectionTest.testInsertingNullValue" time="0"/>
  <testcase classname="hr.fer.oprpp1.custom.collections.LinkedListIndexedCollectionTest" name="hr.fer.oprpp1.custom.collections.LinkedListIndexedCollectionTest.testRemoveExistingElement" time="0">
    <failure message="Cannot invoke &quot;hr.fer.oprpp1.custom.collections.LinkedListIndexedCollection.remove(Object)&quot; because &quot;this.emptyLinkedList&quot; is null" type="java.lang.NullPointerException">java.lang.NullPointerException: Cannot invoke &quot;hr.fer.oprpp1.custom.collections.LinkedListIndexedCollection.remove(Object)&quot; because &quot;this.emptyLinkedList&quot; is null
	at hr.fer.oprpp1.custom.collections.LinkedListIndexedCollectionTest.testRemoveExistingElement(LinkedListIndexedCollectionTest.java:206)
</failure>
  </testcase>
  <testcase classname="hr.fer.oprpp1.custom.collections.LinkedListIndexedCollectionTest" name="hr.fer.oprpp1.custom.collections.LinkedListIndexedCollectionTest.testContainsFalse" time="0">
    <failure message="Cannot invoke &quot;hr.fer.oprpp1.custom.collections.LinkedListIndexedCollection.contains(Object)&quot; because &quot;this.emptyLinkedList&quot; is null" type="java.lang.NullPointerException">java.lang.NullPointerException: Cannot invoke &quot;hr.fer.oprpp1.custom.collections.LinkedListIndexedCollection.contains(Object)&quot; because &quot;this.emptyLinkedList&quot; is null
	at hr.fer.oprpp1.custom.collections.LinkedListIndexedCollectionTest.testContainsFalse(LinkedListIndexedCollectionTest.java:224)
</failure>
  </testcase>
  <testcase classname="hr.fer.oprpp1.custom.collections.LinkedListIndexedCollectionTest" name="hr.fer.oprpp1.custom.collections.LinkedListIndexedCollectionTest.testContainsTrue" time="0">
    <failure message="Cannot invoke &quot;hr.fer.oprpp1.custom.collections.LinkedListIndexedCollection.contains(Object)&quot; because &quot;this.emptyLinkedList&quot; is null" type="java.lang.NullPointerException">java.lang.NullPointerException: Cannot invoke &quot;hr.fer.oprpp1.custom.collections.LinkedListIndexedCollection.contains(Object)&quot; because &quot;this.emptyLinkedList&quot; is null
	at hr.fer.oprpp1.custom.collections.LinkedListIndexedCollectionTest.testContainsTrue(LinkedListIndexedCollectionTest.java:215)
</failure>
  </testcase>
  <testcase classname="hr.fer.oprpp1.custom.collections.LinkedListIndexedCollectionTest" name="hr.fer.oprpp1.custom.collections.LinkedListIndexedCollectionTest.testToArray" time="0">
    <failure message="Cannot invoke &quot;hr.fer.oprpp1.custom.collections.LinkedListIndexedCollection.toArray()&quot; because &quot;this.emptyLinkedList&quot; is null" type="java.lang.NullPointerException">java.lang.NullPointerException: Cannot invoke &quot;hr.fer.oprpp1.custom.collections.LinkedListIndexedCollection.toArray()&quot; because &quot;this.emptyLinkedList&quot; is null
	at hr.fer.oprpp1.custom.collections.LinkedListIndexedCollectionTest.testToArray(LinkedListIndexedCollectionTest.java:233)
</failure>
  </testcase>
  <testcase classname="hr.fer.oprpp1.custom.collections.LinkedListIndexedCollectionTest" name="hr.fer.oprpp1.custom.collections.LinkedListIndexedCollectionTest.testSize" time="0">
    <failure message="Cannot invoke &quot;hr.fer.oprpp1.custom.collections.LinkedListIndexedCollection.size()&quot; because &quot;this.emptyLinkedList&quot; is null" type="java.lang.NullPointerException">java.lang.NullPointerException: Cannot invoke &quot;hr.fer.oprpp1.custom.collections.LinkedListIndexedCollection.size()&quot; because &quot;this.emptyLinkedList&quot; is null
	at hr.fer.oprpp1.custom.collections.LinkedListIndexedCollectionTest.testSize(LinkedListIndexedCollectionTest.java:251)
</failure>
  </testcase>
  <testcase classname="hr.fer.oprpp1.custom.collections.LinkedListIndexedCollectionTest" name="hr.fer.oprpp1.custom.collections.LinkedListIndexedCollectionTest.testClear" time="0">
    <failure message="Cannot invoke &quot;hr.fer.oprpp1.custom.collections.LinkedListIndexedCollection.clear()&quot; because &quot;this.emptyLinkedList&quot; is null" type="java.lang.NullPointerException">java.lang.NullPointerException: Cannot invoke &quot;hr.fer.oprpp1.custom.collections.LinkedListIndexedCollection.clear()&quot; because &quot;this.emptyLinkedList&quot; is null
	at hr.fer.oprpp1.custom.collections.LinkedListIndexedCollectionTest.testClear(LinkedListIndexedCollectionTest.java:241)
</failure>
  </testcase>
  <testcase classname="hr.fer.oprpp1.custom.collections.LinkedListIndexedCollectionTest" name="hr.fer.oprpp1.custom.collections.LinkedListIndexedCollectionTest.testAddingElement" time="0">
    <failure message="Cannot invoke &quot;hr.fer.oprpp1.custom.collections.LinkedListIndexedCollection.add(Object)&quot; because &quot;this.emptyLinkedList&quot; is null" type="java.lang.NullPointerException">java.lang.NullPointerException: Cannot invoke &quot;hr.fer.oprpp1.custom.collections.LinkedListIndexedCollection.add(Object)&quot; because &quot;this.emptyLinkedList&quot; is null
	at hr.fer.oprpp1.custom.collections.LinkedListIndexedCollectionTest.testAddingElement(LinkedListIndexedCollectionTest.java:54)
</failure>
  </testcase>
  <testcase classname="hr.fer.oprpp1.custom.collections.LinkedListIndexedCollectionTest" name="hr.fer.oprpp1.custom.collections.LinkedListIndexedCollectionTest.testGettingElementWithValidArgument" time="0">
    <failure message="Cannot invoke &quot;hr.fer.oprpp1.custom.collections.LinkedListIndexedCollection.get(int)&quot; because &quot;this.emptyLinkedList&quot; is null" type="java.lang.NullPointerException">java.lang.NullPointerException: Cannot invoke &quot;hr.fer.oprpp1.custom.collections.LinkedListIndexedCollection.get(int)&quot; because &quot;this.emptyLinkedList&quot; is null
	at hr.fer.oprpp1.custom.collections.LinkedListIndexedCollectionTest.testGettingElementWithValidArgument(LinkedListIndexedCollectionTest.java:110)
</failure>
  </testcase>
  <testcase classname="hr.fer.oprpp1.custom.collections.LinkedListIndexedCollectionTest" name="hr.fer.oprpp1.custom.collections.LinkedListIndexedCollectionTest.testRemoveElementWithNoExistingValue" time="0">
    <failure message="Cannot invoke &quot;hr.fer.oprpp1.custom.collections.LinkedListIndexedCollection.remove(Object)&quot; because &quot;this.emptyLinkedList&quot; is null" type="java.lang.NullPointerException">java.lang.NullPointerException: Cannot invoke &quot;hr.fer.oprpp1.custom.collections.LinkedListIndexedCollection.remove(Object)&quot; because &quot;this.emptyLinkedList&quot; is null
	at hr.fer.oprpp1.custom.collections.LinkedListIndexedCollectionTest.testRemoveElementWithNoExistingValue(LinkedListIndexedCollectionTest.java:198)
</failure>
  </testcase>
  <testcase classname="hr.fer.oprpp1.custom.collections.LinkedListIndexedCollectionTest" name="hr.fer.oprpp1.custom.collections.LinkedListIndexedCollectionTest.testGettingElementWithInvalidArgument" time="0">
    <failure message="Unexpected exception type thrown, expected: &lt;java.lang.IndexOutOfBoundsException&gt; but was: &lt;java.lang.NullPointerException&gt;" type="org.opentest4j.AssertionFailedError">org.opentest4j.AssertionFailedError: Unexpected exception type thrown, expected: &lt;java.lang.IndexOutOfBoundsException&gt; but was: &lt;java.lang.NullPointerException&gt;
	at org.junit.jupiter.api.AssertionFailureBuilder.build(AssertionFailureBuilder.java:151)
	at org.junit.jupiter.api.AssertThrows.assertThrows(AssertThrows.java:67)
	at org.junit.jupiter.api.AssertThrows.assertThrows(AssertThrows.java:35)
	at org.junit.jupiter.api.Assertions.assertThrows(Assertions.java:3083)
	at hr.fer.oprpp1.custom.collections.LinkedListIndexedCollectionTest.testGettingElementWithInvalidArgument(LinkedListIndexedCollectionTest.java:117)
Caused by: java.lang.NullPointerException: Cannot invoke &quot;hr.fer.oprpp1.custom.collections.LinkedListIndexedCollection.size()&quot; because &quot;this.emptyLinkedList&quot; is null
	at hr.fer.oprpp1.custom.collections.LinkedListIndexedCollectionTest.lambda$testGettingElementWithInvalidArgument$2(LinkedListIndexedCollectionTest.java:117)
	at org.junit.jupiter.api.AssertThrows.assertThrows(AssertThrows.java:53)
	... 17 more
</failure>
  </testcase>
</testsuite>